Release 14.7 - xst P.20160913 (lin64)
Copyright (c) 1995-2013 Xilinx, Inc.  All rights reserved.
--> 
Parameter TMPDIR set to xst/projnav.tmp


Total REAL time to Xst completion: 0.00 secs
Total CPU time to Xst completion: 0.01 secs
 
--> 
Parameter xsthdpdir set to xst


Total REAL time to Xst completion: 0.00 secs
Total CPU time to Xst completion: 0.01 secs
 
--> 
Reading design: BCD_Divisibility_3.prj

TABLE OF CONTENTS
  1) Synthesis Options Summary
  2) HDL Parsing
  3) HDL Elaboration
  4) HDL Synthesis
       4.1) HDL Synthesis Report
  5) Advanced HDL Synthesis
       5.1) Advanced HDL Synthesis Report
  6) Low Level Synthesis
  7) Partition Report
  8) Design Summary
       8.1) Primitive and Black Box Usage
       8.2) Device utilization summary
       8.3) Partition Resource Summary
       8.4) Timing Report
            8.4.1) Clock Information
            8.4.2) Asynchronous Control Signals Information
            8.4.3) Timing Summary
            8.4.4) Timing Details
            8.4.5) Cross Clock Domains Report


=========================================================================
*                      Synthesis Options Summary                        *
=========================================================================
---- Source Parameters
Input File Name                    : "BCD_Divisibility_3.prj"
Ignore Synthesis Constraint File   : NO

---- Target Parameters
Output File Name                   : "BCD_Divisibility_3"
Output Format                      : NGC
Target Device                      : xc6slx16-3-csg324

---- Source Options
Top Module Name                    : BCD_Divisibility_3
Automatic FSM Extraction           : YES
FSM Encoding Algorithm             : Auto
Safe Implementation                : No
FSM Style                          : LUT
RAM Extraction                     : Yes
RAM Style                          : Auto
ROM Extraction                     : Yes
Shift Register Extraction          : YES
ROM Style                          : Auto
Resource Sharing                   : YES
Asynchronous To Synchronous        : NO
Shift Register Minimum Size        : 2
Use DSP Block                      : Auto
Automatic Register Balancing       : No

---- Target Options
LUT Combining                      : Auto
Reduce Control Sets                : Auto
Add IO Buffers                     : YES
Global Maximum Fanout              : 100000
Add Generic Clock Buffer(BUFG)     : 16
Register Duplication               : YES
Optimize Instantiated Primitives   : NO
Use Clock Enable                   : Auto
Use Synchronous Set                : Auto
Use Synchronous Reset              : Auto
Pack IO Registers into IOBs        : Auto
Equivalent register Removal        : YES

---- General Options
Optimization Goal                  : Speed
Optimization Effort                : 1
Power Reduction                    : NO
Keep Hierarchy                     : No
Netlist Hierarchy                  : As_Optimized
RTL Output                         : Yes
Global Optimization                : AllClockNets
Read Cores                         : YES
Write Timing Constraints           : NO
Cross Clock Analysis               : NO
Hierarchy Separator                : /
Bus Delimiter                      : <>
Case Specifier                     : Maintain
Slice Utilization Ratio            : 100
BRAM Utilization Ratio             : 100
DSP48 Utilization Ratio            : 100
Auto BRAM Packing                  : NO
Slice Utilization Ratio Delta      : 5

=========================================================================


=========================================================================
*                          HDL Parsing                                  *
=========================================================================
Analyzing Verilog file "/home/ise/Xilinx_Shared/Lab0/BCD_Divisibility_3.v" into library work
Parsing module <BCD_Divisibility_3>.

=========================================================================
*                            HDL Elaboration                            *
=========================================================================

Elaborating module <BCD_Divisibility_3>.

=========================================================================
*                           HDL Synthesis                               *
=========================================================================

Synthesizing Unit <BCD_Divisibility_3>.
    Related source file is "/home/ise/Xilinx_Shared/Lab0/BCD_Divisibility_3.v".
    Found 5-bit adder for signal <n0029[4:0]> created at line 37.
    Found 6-bit adder for signal <n0032[5:0]> created at line 37.
    Found 7-bit adder for signal <n0025> created at line 37.
    Summary:
	inferred   3 Adder/Subtractor(s).
Unit <BCD_Divisibility_3> synthesized.

Synthesizing Unit <mod_7u_2u>.
    Related source file is "".
    Found 9-bit adder for signal <GND_2_o_b[1]_add_1_OUT> created at line 0.
    Found 8-bit adder for signal <GND_2_o_b[1]_add_3_OUT> created at line 0.
    Found 7-bit adder for signal <a[6]_b[1]_add_5_OUT> created at line 0.
    Found 7-bit adder for signal <a[6]_GND_2_o_add_7_OUT> created at line 0.
    Found 7-bit adder for signal <a[6]_GND_2_o_add_9_OUT> created at line 0.
    Found 7-bit adder for signal <a[6]_GND_2_o_add_11_OUT> created at line 0.
    Found 7-bit adder for signal <a[6]_GND_2_o_add_13_OUT> created at line 0.
    Found 7-bit adder for signal <a[6]_GND_2_o_add_15_OUT> created at line 0.
    Found 9-bit comparator lessequal for signal <BUS_0001> created at line 0
    Found 8-bit comparator lessequal for signal <BUS_0002> created at line 0
    Found 7-bit comparator lessequal for signal <BUS_0003> created at line 0
    Found 7-bit comparator lessequal for signal <BUS_0004> created at line 0
    Found 7-bit comparator lessequal for signal <BUS_0005> created at line 0
    Found 7-bit comparator lessequal for signal <BUS_0006> created at line 0
    Found 7-bit comparator lessequal for signal <BUS_0007> created at line 0
    Found 7-bit comparator lessequal for signal <BUS_0008> created at line 0
    Summary:
	inferred   8 Adder/Subtractor(s).
	inferred   8 Comparator(s).
	inferred  50 Multiplexer(s).
Unit <mod_7u_2u> synthesized.

=========================================================================
HDL Synthesis Report

Macro Statistics
# Adders/Subtractors                                   : 11
 5-bit adder                                           : 1
 6-bit adder                                           : 1
 7-bit adder                                           : 7
 8-bit adder                                           : 1
 9-bit adder                                           : 1
# Comparators                                          : 8
 7-bit comparator lessequal                            : 6
 8-bit comparator lessequal                            : 1
 9-bit comparator lessequal                            : 1
# Multiplexers                                         : 50
 1-bit 2-to-1 multiplexer                              : 49
 2-bit 2-to-1 multiplexer                              : 1
# Xors                                                 : 1
 6-bit xor2                                            : 1

=========================================================================

=========================================================================
*                       Advanced HDL Synthesis                          *
=========================================================================


Synthesizing (advanced) Unit <BCD_Divisibility_3>.
	The following adders/subtractors are grouped into adder tree <Madd_n00251> :
 	<Madd_n0029[4:0]> in block <BCD_Divisibility_3>, 	<Madd_n0032[5:0]> in block <BCD_Divisibility_3>, 	<Madd_n0025> in block <BCD_Divisibility_3>.
Unit <BCD_Divisibility_3> synthesized (advanced).

=========================================================================
Advanced HDL Synthesis Report

Macro Statistics
# Adders/Subtractors                                   : 8
 2-bit adder                                           : 1
 7-bit adder                                           : 7
# Adder Trees                                          : 1
 7-bit / 4-inputs adder tree                           : 1
# Comparators                                          : 8
 7-bit comparator lessequal                            : 6
 8-bit comparator lessequal                            : 1
 9-bit comparator lessequal                            : 1
# Multiplexers                                         : 50
 1-bit 2-to-1 multiplexer                              : 49
 2-bit 2-to-1 multiplexer                              : 1
# Xors                                                 : 1
 6-bit xor2                                            : 1

=========================================================================

=========================================================================
*                         Low Level Synthesis                           *
=========================================================================

Optimizing unit <BCD_Divisibility_3> ...

Optimizing unit <mod_7u_2u> ...

Mapping all equations...
Building and optimizing final netlist ...
Found area constraint ratio of 100 (+ 5) on block BCD_Divisibility_3, actual ratio is 0.

Final Macro Processing ...

=========================================================================
Final Register Report

Found no macro
=========================================================================

=========================================================================
*                           Partition Report                            *
=========================================================================

Partition Implementation Status
-------------------------------

  No Partitions were found in this design.

-------------------------------

=========================================================================
*                            Design Summary                             *
=========================================================================

Top Level Output File Name         : BCD_Divisibility_3.ngc

Primitive and Black Box Usage:
------------------------------
# BELS                             : 16
#      LUT2                        : 1
#      LUT3                        : 1
#      LUT4                        : 1
#      LUT5                        : 4
#      LUT6                        : 9
# IO Buffers                       : 17
#      IBUF                        : 16
#      OBUF                        : 1

Device utilization summary:
---------------------------

Selected Device : 6slx16csg324-3 


Slice Logic Utilization: 
 Number of Slice LUTs:                   16  out of   9112     0%  
    Number used as Logic:                16  out of   9112     0%  

Slice Logic Distribution: 
 Number of LUT Flip Flop pairs used:     16
   Number with an unused Flip Flop:      16  out of     16   100%  
   Number with an unused LUT:             0  out of     16     0%  
   Number of fully used LUT-FF pairs:     0  out of     16     0%  
   Number of unique control sets:         0

IO Utilization: 
 Number of IOs:                          17
 Number of bonded IOBs:                  17  out of    232     7%  

Specific Feature Utilization:

---------------------------
Partition Resource Summary:
---------------------------

  No Partitions were found in this design.

---------------------------


=========================================================================
Timing Report

NOTE: THESE TIMING NUMBERS ARE ONLY A SYNTHESIS ESTIMATE.
      FOR ACCURATE TIMING INFORMATION PLEASE REFER TO THE TRACE REPORT
      GENERATED AFTER PLACE-and-ROUTE.

Clock Information:
------------------
No clock signals found in this design

Asynchronous Control Signals Information:
----------------------------------------
No asynchronous control signals found in this design

Timing Summary:
---------------
Speed Grade: -3

   Minimum period: No path found
   Minimum input arrival time before clock: No path found
   Maximum output required time after clock: No path found
   Maximum combinational path delay: 11.280ns

Timing Details:
---------------
All values displayed in nanoseconds (ns)

=========================================================================
Timing constraint: Default path analysis
  Total number of paths / destination ports: 184 / 1
-------------------------------------------------------------------------
Delay:               11.280ns (Levels of Logic = 8)
  Source:            INPUT<10> (PAD)
  Destination:       OUTPUT (PAD)

  Data Path: INPUT<10> to OUTPUT
                                Gate     Net
    Cell:in->out      fanout   Delay   Delay  Logical Name (Net Name)
    ----------------------------------------  ------------
     IBUF:I->O             2   1.222   0.981  INPUT_10_IBUF (INPUT_10_IBUF)
     LUT6:I0->O            3   0.203   0.879  ADDERTREE_INTERNAL_Madd1_xor<2>11 (ADDERTREE_INTERNAL_Madd_21)
     LUT3:I0->O            2   0.205   0.961  ADDERTREE_INTERNAL_Madd2_lut<0>221 (ADDERTREE_INTERNAL_Madd2_lut<0>22)
     LUT6:I1->O            2   0.203   0.961  ADDERTREE_INTERNAL_Madd2_cy<0>31 (ADDERTREE_INTERNAL_Madd2_cy<0>2)
     LUT5:I0->O            2   0.203   0.981  ADDERTREE_INTERNAL_Madd2_cy<0>41 (ADDERTREE_INTERNAL_Madd2_cy<0>3)
     LUT6:I0->O            1   0.203   0.924  ADDERTREE_INTERNAL_Madd2_xor<0>51 (ADDERTREE_INTERNAL_Madd_42)
     LUT6:I1->O            1   0.203   0.579  OUTPUT (OUTPUT_OBUF)
     OBUF:I->O                 2.571          OUTPUT_OBUF (OUTPUT)
    ----------------------------------------
    Total                     11.280ns (5.013ns logic, 6.267ns route)
                                       (44.4% logic, 55.6% route)

=========================================================================

Cross Clock Domains Report:
--------------------------

=========================================================================


Total REAL time to Xst completion: 4.00 secs
Total CPU time to Xst completion: 2.81 secs
 
--> 


Total memory usage is 473624 kilobytes

Number of errors   :    0 (   0 filtered)
Number of warnings :    0 (   0 filtered)
Number of infos    :    0 (   0 filtered)

