Running: /opt/Xilinx/14.7/ISE_DS/ISE/bin/lin64/unwrapped/fuse -intstyle ise -incremental -lib unisims_ver -lib unimacro_ver -lib xilinxcorelib_ver -lib secureip -o /home/ise/Xilinx_Shared/Lab0/BCD_Divisibility_3_Test_isim_beh.exe -prj /home/ise/Xilinx_Shared/Lab0/BCD_Divisibility_3_Test_beh.prj work.BCD_Divisibility_3_Test work.glbl 
ISim P.20160913 (signature 0xfbc00daa)
Number of CPUs detected in this system: 1
Turning on mult-threading, number of parallel sub-compilation jobs: 0 
Determining compilation order of HDL files
Analyzing Verilog file "/home/ise/Xilinx_Shared/Lab0/BCD_Divisibility_3.v" into library work
Analyzing Verilog file "/home/ise/Xilinx_Shared/Lab0/BCD_Divisibility_3_Test.v" into library work
Analyzing Verilog file "/opt/Xilinx/14.7/ISE_DS/ISE//verilog/src/glbl.v" into library work
Starting static elaboration
Completed static elaboration
Fuse Memory Usage: 94984 KB
Fuse CPU Usage: 430 ms
Compiling module BCD_Divisibility_3
Compiling module BCD_Divisibility_3_Test
Compiling module glbl
Time Resolution for simulation is 1ps.
Compiled 3 Verilog Units
Built simulation executable /home/ise/Xilinx_Shared/Lab0/BCD_Divisibility_3_Test_isim_beh.exe
Fuse Memory Usage: 98228 KB
Fuse CPU Usage: 450 ms
GCC CPU Usage: 200 ms
